<?xml version="1.0" encoding="UTF-8"?>
<!-- Generated by org.testng.reporters.JUnitReportReporter -->
<testsuite hostname="manish-singh" failures="0" tests="2" name="testNGBasics.TestNGBasics" time="0.011" errors="0" timestamp="11 Jan 2019 17:24:06 GMT" skipped="0">
  <testcase classname="testNGBasics.TestNGBasics" name="googleTitleTest" time="0.007"/>
  <testcase classname="testNGBasics.TestNGBasics" name="searTest" time="0.004"/>
</testsuite> <!-- testNGBasics.TestNGBasics -->
