<?xml version="1.0" encoding="UTF-8"?>
<!-- Generated by org.testng.reporters.JUnitReportReporter -->
<testsuite hostname="manish-singh" failures="0" tests="2" name="testNGBasics.TestNGBasics" time="0.007" errors="0" timestamp="14 Mar 2019 15:07:09 GMT" skipped="0">
  <testcase classname="testNGBasics.TestNGBasics" name="searchTest" time="0.001"/>
  <testcase classname="testNGBasics.TestNGBasics" name="googleTitleTest" time="0.006"/>
</testsuite> <!-- testNGBasics.TestNGBasics -->
