<?xml version="1.0" encoding="UTF-8"?>
<!-- Generated by org.testng.reporters.JUnitReportReporter -->
<testsuite hostname="manish-singh" failures="0" tests="3" name="testNGBasics.TestNgTest" time="24.154" errors="0" timestamp="12 Jan 2019 15:05:11 GMT" skipped="0">
  <testcase classname="testNGBasics.TestNgTest" name="googleTitleTest" time="6.735"/>
  <testcase classname="testNGBasics.TestNgTest" name="searchTest" time="9.028"/>
  <testcase classname="testNGBasics.TestNgTest" name="gMailClick" time="8.391"/>
</testsuite> <!-- testNGBasics.TestNgTest -->
