<?xml version="1.0" encoding="UTF-8"?>
<!-- Generated by org.testng.reporters.JUnitReportReporter -->
<testsuite hostname="manish-singh" failures="0" tests="8" name="testNGBasics.TestNGFeatures" time="0.022" errors="0" timestamp="12 Jan 2019 15:05:11 GMT" skipped="0">
  <testcase classname="testNGBasics.TestNGFeatures" name="logInTest" time="0.001"/>
  <testcase classname="testNGBasics.TestNGFeatures" name="homePageTest" time="0.001"/>
  <testcase classname="testNGBasics.TestNGFeatures" name="regPageTest" time="0.004"/>
  <testcase classname="testNGBasics.TestNGFeatures" name="regPageTest" time="0.002"/>
  <testcase classname="testNGBasics.TestNGFeatures" name="searchPageTest" time="0.001"/>
  <testcase classname="testNGBasics.TestNGFeatures" name="regPageTest" time="0.002"/>
  <testcase classname="testNGBasics.TestNGFeatures" name="regPageTest" time="0.002"/>
  <testcase classname="testNGBasics.TestNGFeatures" name="regPageTest" time="0.009"/>
</testsuite> <!-- testNGBasics.TestNGFeatures -->
