<?xml version="1.0" encoding="UTF-8"?>
<!-- Generated by org.testng.reporters.JUnitReportReporter -->
<testsuite hostname="manish-singh" failures="0" tests="3" name="testNGBasics.TestNgTest" time="23.882" errors="0" timestamp="14 Mar 2019 15:35:34 GMT" skipped="0">
  <testcase classname="testNGBasics.TestNgTest" name="googleTitleTest" time="6.561"/>
  <testcase classname="testNGBasics.TestNgTest" name="searchTest" time="7.692"/>
  <testcase classname="testNGBasics.TestNgTest" name="gMailClick" time="9.629"/>
</testsuite> <!-- testNGBasics.TestNgTest -->
