<?xml version="1.0" encoding="UTF-8"?>
<!-- Generated by org.testng.reporters.JUnitReportReporter -->
<testsuite hostname="manish-singh" failures="0" tests="3" name="testNGBasics.ParameterInTestNG" time="29.148" errors="0" timestamp="14 Jan 2019 04:23:46 GMT" skipped="0">
  <testcase classname="testNGBasics.ParameterInTestNG" name="startBrowser" time="6.456"/>
  <testcase classname="testNGBasics.ParameterInTestNG" name="enterUserID" time="13.089"/>
  <testcase classname="testNGBasics.ParameterInTestNG" name="openGmail" time="9.603"/>
</testsuite> <!-- testNGBasics.ParameterInTestNG -->
