<?xml version="1.0" encoding="UTF-8"?>
<!-- Generated by org.testng.reporters.JUnitReportReporter -->
<testsuite hostname="manish-singh" failures="0" tests="6" name="testNGBasics.TestNGFeatures" time="0.025" errors="0" timestamp="12 Jan 2019 14:27:12 GMT" skipped="0">
  <testcase classname="testNGBasics.TestNGFeatures" name="logInTest" time="0.004"/>
  <testcase classname="testNGBasics.TestNGFeatures" name="regPageTest" time="0.003"/>
  <testcase classname="testNGBasics.TestNGFeatures" name="regPageTest" time="0.002"/>
  <testcase classname="testNGBasics.TestNGFeatures" name="regPageTest" time="0.010"/>
  <testcase classname="testNGBasics.TestNGFeatures" name="regPageTest" time="0.003"/>
  <testcase classname="testNGBasics.TestNGFeatures" name="regPageTest" time="0.003"/>
</testsuite> <!-- testNGBasics.TestNGFeatures -->
