<?xml version="1.0" encoding="UTF-8"?>
<!-- Generated by org.testng.reporters.JUnitReportReporter -->
<testsuite hostname="manish-singh" failures="0" tests="4" name="seleniumBasics.ScrollingConcept" time="24.527" errors="0" timestamp="25 Jan 2019 05:25:42 GMT" skipped="3">
  <testcase classname="seleniumBasics.ScrollingConcept" name="scrollByActionClass" time="24.527"/>
  <testcase classname="seleniumBasics.ScrollingConcept" name="scrollVisibleElement">
    <skipped/>
  </testcase> <!-- scrollVisibleElement -->
  <testcase classname="seleniumBasics.ScrollingConcept" name="scrollBySendKeys">
    <skipped/>
  </testcase> <!-- scrollBySendKeys -->
  <testcase classname="seleniumBasics.ScrollingConcept" name="scrollByPixel">
    <skipped/>
  </testcase> <!-- scrollByPixel -->
</testsuite> <!-- seleniumBasics.ScrollingConcept -->
