<?xml version="1.0" encoding="UTF-8"?>
<!-- Generated by org.testng.reporters.JUnitReportReporter -->
<testsuite hostname="manish-singh" failures="0" tests="31" name="dataDrivenApproach.DataProvideConcept" time="407.493" errors="0" timestamp="28 Jan 2019 18:57:30 GMT" skipped="0">
  <testcase classname="dataDrivenApproach.DataProvideConcept" name="regTest" time="13.329"/>
  <testcase classname="dataDrivenApproach.DataProvideConcept" name="regTest" time="15.921"/>
  <testcase classname="dataDrivenApproach.DataProvideConcept" name="regTest" time="11.255"/>
  <testcase classname="dataDrivenApproach.DataProvideConcept" name="regTest" time="13.761"/>
  <testcase classname="dataDrivenApproach.DataProvideConcept" name="regTest" time="13.629"/>
  <testcase classname="dataDrivenApproach.DataProvideConcept" name="regTest" time="13.023"/>
  <testcase classname="dataDrivenApproach.DataProvideConcept" name="regTest" time="13.197"/>
  <testcase classname="dataDrivenApproach.DataProvideConcept" name="regTest" time="13.288"/>
  <testcase classname="dataDrivenApproach.DataProvideConcept" name="regTest" time="14.435"/>
  <testcase classname="dataDrivenApproach.DataProvideConcept" name="regTest" time="15.666"/>
  <testcase classname="dataDrivenApproach.DataProvideConcept" name="regTest" time="15.388"/>
  <testcase classname="dataDrivenApproach.DataProvideConcept" name="regTest" time="12.217"/>
  <testcase classname="dataDrivenApproach.DataProvideConcept" name="regTest" time="12.251"/>
  <testcase classname="dataDrivenApproach.DataProvideConcept" name="regTest" time="15.752"/>
  <testcase classname="dataDrivenApproach.DataProvideConcept" name="regTest" time="12.818"/>
  <testcase classname="dataDrivenApproach.DataProvideConcept" name="regTest" time="12.466"/>
  <testcase classname="dataDrivenApproach.DataProvideConcept" name="regTest" time="12.888"/>
  <testcase classname="dataDrivenApproach.DataProvideConcept" name="regTest" time="13.082"/>
  <testcase classname="dataDrivenApproach.DataProvideConcept" name="regTest" time="13.194"/>
  <testcase classname="dataDrivenApproach.DataProvideConcept" name="regTest" time="15.614"/>
  <testcase classname="dataDrivenApproach.DataProvideConcept" name="regTest" time="11.166"/>
  <testcase classname="dataDrivenApproach.DataProvideConcept" name="regTest" time="13.747"/>
  <testcase classname="dataDrivenApproach.DataProvideConcept" name="regTest" time="11.876"/>
  <testcase classname="dataDrivenApproach.DataProvideConcept" name="regTest" time="13.431"/>
  <testcase classname="dataDrivenApproach.DataProvideConcept" name="regTest" time="10.702"/>
  <testcase classname="dataDrivenApproach.DataProvideConcept" name="regTest" time="12.351"/>
  <testcase classname="dataDrivenApproach.DataProvideConcept" name="regTest" time="13.245"/>
  <testcase classname="dataDrivenApproach.DataProvideConcept" name="regTest" time="11.419"/>
  <testcase classname="dataDrivenApproach.DataProvideConcept" name="regTest" time="11.894"/>
  <testcase classname="dataDrivenApproach.DataProvideConcept" name="regTest" time="12.332"/>
  <testcase classname="dataDrivenApproach.DataProvideConcept" name="regTest" time="12.156"/>
</testsuite> <!-- dataDrivenApproach.DataProvideConcept -->
