<?xml version="1.0" encoding="UTF-8"?>
<!-- Generated by org.testng.reporters.JUnitReportReporter -->
<testsuite hostname="manish-singh" failures="0" tests="3" name="testNGBasics.TestNgTest" time="23.730" errors="0" timestamp="12 Jan 2019 14:28:34 GMT" skipped="0">
  <testcase classname="testNGBasics.TestNgTest" name="googleTitleTest" time="6.414"/>
  <testcase classname="testNGBasics.TestNgTest" name="searchTest" time="7.565"/>
  <testcase classname="testNGBasics.TestNgTest" name="gMailClick" time="9.751"/>
</testsuite> <!-- testNGBasics.TestNgTest -->
